=== 2026-02-24 14:51:52 ===
==================================================
  Byreal Dashboard Collector — 2026-02-24
==================================================

[1/3] Byreal pool data...
  ✓ 92 pools | TVL $13.90M | Vol24h $10.21M
[2/3] Market data...
  ✓ SOL $76.79 | BTC $63195 | F&G 8
[3/3] Competitor data...
  ✓ 5 protocols
[4/7] X/Twitter 热点...
  采集 X/Twitter 热点...
  ✓ 从缓存读取 1 条推文 (1 条真实)
[5/7] Reddit 热帖...
  采集 Reddit 热帖...
  ✓ 采集到 15 条 Reddit 帖子
  → 7 条与 Byreal/Solana 相关
[6.5/7] 读取运营日报...
  ✓ 读取日报: /Users/martis/.openclaw/workspace/byreal-daily/daily-2026-02-24.txt
[7/7] AI 总结...
  ✓ 运营洞察: ## 运营洞察

**整体表现**：平台表现稳健，TVL增长2%，交易量暴涨24.1%至$10.21...
  ✓ 平台快报: 📈 **Byreal 平台快报 (2/24)**

🚀 平台交易量强势反弹！24小时交易量突破$10...
[8/8] Byreal 账号分析 (mock)...

✅ 数据已保存: /Users/martis/.openclaw/workspace/byreal-dashboard-streamlit/data/2026-02-24/
📋 17 条预警:
   🟢 [market] Fear & Greed = 8（极度恐惧），准备'逆市机会'内容
   🟠 [xstocks] COINx-USDC 24h 跌 5.2%，建议发推关联相关新闻
   🟠 [pool] Lobstar-USDC APR 1667%，注意监控
   🟠 [pool] Punch-USDC APR 4643%，注意监控
   🟠 [pool] Buttcoin-USDC APR 3022%，注意监控
   🔴 [reward] TSLAx-USDC 激励 3 天后到期，提醒团队续期
   🔴 [reward] MNT-USDC 激励 2 天后到期，提醒团队续期
   🔴 [reward] NVDAx-USDC 激励 3 天后到期，提醒团队续期
   🔴 [reward] GOOGLx-USDC 激励 3 天后到期，提醒团队续期
   🔴 [reward] SPYx-USDC 激励 3 天后到期，提醒团队续期
   🔴 [reward] QQQx-USDC 激励 3 天后到期，提醒团队续期
   🔴 [reward] CRCLx-USDC 激励 3 天后到期，提醒团队续期
   🔴 [reward] COINx-USDC 激励 3 天后到期，提醒团队续期
   🔴 [reward] AAPLx-USDC 激励 3 天后到期，提醒团队续期
   🔴 [reward] MSTRx-USDC 激励 3 天后到期，提醒团队续期
   🔴 [reward] HOODx-USDC 激励 3 天后到期，提醒团队续期
   🔴 [reward] AMZNx-USDC 激励 3 天后到期，提醒团队续期
[main 7e0a037] auto: data update 2026-02-24 14:52
 Committer: Martis <martis@MartisdeMac-mini.local>
Your name and email address were configured automatically based
on your username and hostname. Please check that they are accurate.
You can suppress this message by setting them explicitly. Run the
following command and follow the instructions in your editor to edit
your configuration file:

    git config --global --edit

After doing this, you may fix the identity used for this commit with:

    git commit --amend --reset-author

 9 files changed, 11984 insertions(+), 12 deletions(-)
 create mode 100644 data/2026-02-24/competitors.json
 create mode 100644 data/2026-02-24/summary.json
 create mode 100644 data/cron.log
 create mode 100755 run_and_push.sh
To https://github.com/0xTadeo/byreal-dashboard.git
   cd0c891..7e0a037  main -> main
✓ Pushed to GitHub
=== 2026-02-24 14:57:35 ===
==================================================
  Byreal Dashboard Collector — 2026-02-24
==================================================

[1/3] Byreal pool data...
  ✓ 92 pools | TVL $13.90M | Vol24h $10.24M
[2/3] Market data...
  ✓ SOL $76.7 | BTC $62988 | F&G 8
[3/3] Competitor data...
  ✓ 5 protocols
[4/7] X/Twitter 热点...
  采集 X/Twitter 热点...
  ✓ 从缓存读取 1 条推文 (1 条真实)
[5/7] Reddit 热帖...
  采集 Reddit 热帖...
  ✓ 采集到 15 条 Reddit 帖子
  → 7 条与 Byreal/Solana 相关
[6.5/7] 读取运营日报...
  ✓ 读取日报: /Users/martis/.openclaw/workspace/byreal-daily/daily-2026-02-24.txt
[7/7] AI 总结...
  ✓ 运营洞察: **运营洞察 2026-02-24**

**整体表现：** 平台表现强劲，24小时交易量暴增24....
  ✓ 平台快报: 📈 **Byreal平台快报 | 2月24日**

🚀 平台表现强劲！24小时交易量达$1024万，...
[8/8] Byreal 账号分析 (mock)...

✅ 数据已保存: /Users/martis/.openclaw/workspace/byreal-dashboard-streamlit/data/2026-02-24/
📋 17 条预警:
   🟢 [market] Fear & Greed = 8（极度恐惧），准备'逆市机会'内容
   🟠 [xstocks] COINx-USDC 24h 跌 5.3%，建议发推关联相关新闻
   🟠 [pool] Lobstar-USDC APR 1689%，注意监控
   🟠 [pool] Punch-USDC APR 4643%，注意监控
   🟠 [pool] Buttcoin-USDC APR 3022%，注意监控
   🔴 [reward] TSLAx-USDC 激励 3 天后到期，提醒团队续期
   🔴 [reward] MNT-USDC 激励 2 天后到期，提醒团队续期
   🔴 [reward] NVDAx-USDC 激励 3 天后到期，提醒团队续期
   🔴 [reward] GOOGLx-USDC 激励 3 天后到期，提醒团队续期
   🔴 [reward] SPYx-USDC 激励 3 天后到期，提醒团队续期
   🔴 [reward] QQQx-USDC 激励 3 天后到期，提醒团队续期
   🔴 [reward] CRCLx-USDC 激励 3 天后到期，提醒团队续期
   🔴 [reward] COINx-USDC 激励 3 天后到期，提醒团队续期
   🔴 [reward] AAPLx-USDC 激励 3 天后到期，提醒团队续期
   🔴 [reward] MSTRx-USDC 激励 3 天后到期，提醒团队续期
   🔴 [reward] HOODx-USDC 激励 3 天后到期，提醒团队续期
   🔴 [reward] AMZNx-USDC 激励 3 天后到期，提醒团队续期
[main 1b21d54] auto: data update 2026-02-24 14:58
 Committer: Martis <martis@MartisdeMac-mini.local>
Your name and email address were configured automatically based
on your username and hostname. Please check that they are accurate.
You can suppress this message by setting them explicitly. Run the
following command and follow the instructions in your editor to edit
your configuration file:

    git config --global --edit

After doing this, you may fix the identity used for this commit with:

    git commit --amend --reset-author

 12 files changed, 13895 insertions(+), 13473 deletions(-)
 delete mode 100644 dashboard/data/latest/summary.json
 delete mode 120000 data/latest
 create mode 100644 data/latest/competitors.json
 create mode 100644 data/latest/market.json
 create mode 100644 data/latest/pools_raw.json
 create mode 100644 data/latest/summary.json
To https://github.com/0xTadeo/byreal-dashboard.git
   7e0a037..1b21d54  main -> main
✓ Pushed to GitHub
